Using pre-set license
Built from '2020.3/release' branch; Version is '2020.3.7f1 (dd97f2c94397) revision 14522354'; Using compiler version '192528614'; Build Type 'Release'
OS: 'Windows 10 Pro; OS build 19044.1645; Version 2009; 64bit' Language: 'pt' Physical Memory: 16295 MB
BatchMode: 1, IsHumanControllingUs: 0, StartBugReporterOnCrash: 0, Is64bit: 1, IsPro: 0

 COMMAND LINE ARGUMENTS:
C:\0 - Thiago\Programas\Projetos Unity\New Unity Project\2020.3.7f1\Editor\Unity.exe
-adb2
-batchMode
-noUpm
-name
AssetImportWorker0
-projectPath
C:/0 - Thiago/Programas/Projetos Unity/3D Jogo/Data Persistence/DataPersistence
-logFile
Logs/AssetImportWorker0.log
-srvPort
50738
Successfully changed project path to: C:/0 - Thiago/Programas/Projetos Unity/3D Jogo/Data Persistence/DataPersistence
C:/0 - Thiago/Programas/Projetos Unity/3D Jogo/Data Persistence/DataPersistence
Using Asset Import Pipeline V2.
Refreshing native plugins compatible for Editor in 41.06 ms, found 3 plugins.
Preloading 0 native plugins for Editor in 0.00 ms.
Initialize engine version: 2020.3.7f1 (dd97f2c94397)
[Subsystems] Discovering subsystems at path C:/0 - Thiago/Programas/Projetos Unity/New Unity Project/2020.3.7f1/Editor/Data/Resources/UnitySubsystems
[Subsystems] Discovering subsystems at path C:/0 - Thiago/Programas/Projetos Unity/3D Jogo/Data Persistence/DataPersistence/Assets
GfxDevice: creating device client; threaded=0
Direct3D:
    Version:  Direct3D 11.0 [level 11.1]
    Renderer: NVIDIA GeForce RTX 2060 SUPER (ID=0x1f06)
    Vendor:   
    VRAM:     8031 MB
    Driver:   30.0.15.1215
Shader 'Universal Render Pipeline/Particles/Lit': fallback shader 'Universal Render Pipeline/Particles/SimpleLit' not found
Initialize mono
Mono path[0] = 'C:/0 - Thiago/Programas/Projetos Unity/New Unity Project/2020.3.7f1/Editor/Data/Managed'
Mono path[1] = 'C:/0 - Thiago/Programas/Projetos Unity/New Unity Project/2020.3.7f1/Editor/Data/MonoBleedingEdge/lib/mono/unityjit'
Mono config path = 'C:/0 - Thiago/Programas/Projetos Unity/New Unity Project/2020.3.7f1/Editor/Data/MonoBleedingEdge/etc'
Using monoOptions --debugger-agent=transport=dt_socket,embedding=1,server=y,suspend=n,address=127.0.0.1:56376
Begin MonoManager ReloadAssembly
Registering precompiled unity dll's ...
Register platform support module: C:/0 - Thiago/Programas/Projetos Unity/New Unity Project/2020.3.7f1/Editor/Data/PlaybackEngines/WebGLSupport/UnityEditor.WebGL.Extensions.dll
Register platform support module: C:/0 - Thiago/Programas/Projetos Unity/New Unity Project/2020.3.7f1/Editor/Data/PlaybackEngines/WindowsStandaloneSupport/UnityEditor.WindowsStandalone.Extensions.dll
Registered in 0.002254 seconds.
Native extension for WindowsStandalone target not found
Native extension for WebGL target not found
Refreshing native plugins compatible for Editor in 41.30 ms, found 3 plugins.
Preloading 0 native plugins for Editor in 0.00 ms.
Mono: successfully reloaded assembly
- Completed reload, in  1.051 seconds
Platform modules already initialized, skipping
Registering precompiled user dll's ...
Registered in 0.002361 seconds.
Begin MonoManager ReloadAssembly
Native extension for WindowsStandalone target not found
Native extension for WebGL target not found
Refreshing native plugins compatible for Editor in 42.45 ms, found 3 plugins.
Preloading 0 native plugins for Editor in 0.00 ms.
Mono: successfully reloaded assembly
- Completed reload, in  0.864 seconds
Platform modules already initialized, skipping
========================================================================
Worker process is ready to serve import requests
Shader 'Universal Render Pipeline/Particles/Lit': fallback shader 'Universal Render Pipeline/Particles/SimpleLit' not found
Launched and connected shader compiler UnityShaderCompiler.exe after 0.07 seconds
Refreshing native plugins compatible for Editor in 0.54 ms, found 3 plugins.
Preloading 0 native plugins for Editor in 0.00 ms.
Unloading 2602 Unused Serialized files (Serialized files now loaded: 0)
System memory in use before: 119.2 MB.
System memory in use after: 119.4 MB.

Unloading 18 unused Assets to reduce memory usage. Loaded Objects now: 3036.
Total: 2.304600 ms (FindLiveObjects: 0.275500 ms CreateObjectMapping: 0.076000 ms MarkObjects: 1.887300 ms  DeleteObjects: 0.064300 ms)

========================================================================
Received Import Request.
  path: Assets/Scripts/PlayerDataHandler.cs
  artifactKey: Guid(94a243097b80f9842b21087eddecf28e) Importer(815301076,1909f56bfc062723c751e8b465ee728b)
Start importing Assets/Scripts/PlayerDataHandler.cs using Guid(94a243097b80f9842b21087eddecf28e) Importer(815301076,1909f56bfc062723c751e8b465ee728b)  -> (artifact id: '953851b8c2b326afc0cc9e0a4dd29ebf') in 0.504950 seconds
  Import took 0.543347 seconds .

========================================================================
Received Prepare
Registering precompiled user dll's ...
Registered in 0.010796 seconds.
Begin MonoManager ReloadAssembly
Native extension for WindowsStandalone target not found
Native extension for WebGL target not found
Refreshing native plugins compatible for Editor in 0.52 ms, found 3 plugins.
Preloading 0 native plugins for Editor in 0.00 ms.
Mono: successfully reloaded assembly
- Completed reload, in  0.902 seconds
Platform modules already initialized, skipping
Shader 'Universal Render Pipeline/Particles/Lit': fallback shader 'Universal Render Pipeline/Particles/SimpleLit' not found
Refreshing native plugins compatible for Editor in 0.45 ms, found 3 plugins.
Preloading 0 native plugins for Editor in 0.00 ms.
Unloading 2487 Unused Serialized files (Serialized files now loaded: 0)
System memory in use before: 111.7 MB.
System memory in use after: 111.9 MB.

Unloading 13 unused Assets to reduce memory usage. Loaded Objects now: 3039.
Total: 1.883700 ms (FindLiveObjects: 0.252000 ms CreateObjectMapping: 0.066300 ms MarkObjects: 1.548600 ms  DeleteObjects: 0.015500 ms)

AssetImportWorkerClient::OnTransportError - code=2 error=End of file
